android/app/build/intermediates/manifest_merge_blame_file/release/processReleaseMainManifest/manifest-merger-blame-release-report.txt
1<?xml version="1.0" encoding="utf-8"?>
2<manifest xmlns:android="http://schemas.android.com/apk/res/android"
3    package="com.alphaman99.bcrfm"
4    android:versionCode="1"
5    android:versionName="1.0.0" >
6
7    <uses-sdk
8        android:minSdkVersion="24"
9        android:targetSdkVersion="35" />
10
11    <uses-permission android:name="android.permission.FOREGROUND_SERVICE" />
11-->src\main\AndroidManifest.xml:2:3-74
11-->src\main\AndroidManifest.xml:2:20-72
12    <uses-permission android:name="android.permission.INTERNET" />
12-->src\main\AndroidManifest.xml:3:3-64
12-->src\main\AndroidManifest.xml:3:20-62
13    <uses-permission android:name="android.permission.MODIFY_AUDIO_SETTINGS" />
13-->src\main\AndroidManifest.xml:4:3-77
13-->src\main\AndroidManifest.xml:4:20-75
14    <uses-permission android:name="android.permission.READ_EXTERNAL_STORAGE" />
14-->src\main\AndroidManifest.xml:5:3-77
14-->src\main\AndroidManifest.xml:5:20-75
15    <uses-permission android:name="android.permission.RECORD_AUDIO" />
15-->src\main\AndroidManifest.xml:6:3-68
15-->src\main\AndroidManifest.xml:6:20-66
16    <uses-permission android:name="android.permission.SYSTEM_ALERT_WINDOW" />
16-->src\main\AndroidManifest.xml:7:3-75
16-->src\main\AndroidManifest.xml:7:20-73
17    <uses-permission android:name="android.permission.VIBRATE" />
17-->src\main\AndroidManifest.xml:8:3-63
17-->src\main\AndroidManifest.xml:8:20-61
18    <uses-permission android:name="android.permission.WAKE_LOCK" />
18-->src\main\AndroidManifest.xml:9:3-65
18-->src\main\AndroidManifest.xml:9:20-63
19    <uses-permission android:name="android.permission.WRITE_EXTERNAL_STORAGE" />
19-->src\main\AndroidManifest.xml:10:3-78
19-->src\main\AndroidManifest.xml:10:20-76
20
21    <queries>
21-->src\main\AndroidManifest.xml:11:3-24:13
22        <package android:name="com.whatsapp" />
22-->src\main\AndroidManifest.xml:12:5-43
22-->src\main\AndroidManifest.xml:12:14-41
23        <package android:name="com.whatsapp.w4b" />
23-->src\main\AndroidManifest.xml:13:5-47
23-->src\main\AndroidManifest.xml:13:14-45
24
25        <intent>
25-->src\main\AndroidManifest.xml:14:5-18:14
26            <action android:name="android.intent.action.VIEW" />
26-->src\main\AndroidManifest.xml:15:7-58
26-->src\main\AndroidManifest.xml:15:15-56
27
28            <category android:name="android.intent.category.BROWSABLE" />
28-->src\main\AndroidManifest.xml:16:7-67
28-->src\main\AndroidManifest.xml:16:17-65
29
30            <data android:scheme="whatsapp" />
30-->src\main\AndroidManifest.xml:17:7-40
30-->src\main\AndroidManifest.xml:17:13-38
31        </intent>
32        <intent>
32-->src\main\AndroidManifest.xml:19:5-23:14
33            <action android:name="android.intent.action.VIEW" />
33-->src\main\AndroidManifest.xml:15:7-58
33-->src\main\AndroidManifest.xml:15:15-56
34
35            <category android:name="android.intent.category.BROWSABLE" />
35-->src\main\AndroidManifest.xml:16:7-67
35-->src\main\AndroidManifest.xml:16:17-65
36
37            <data android:scheme="https" />
37-->src\main\AndroidManifest.xml:17:7-40
37-->src\main\AndroidManifest.xml:17:13-38
38        </intent>
39        <!-- Query open documents -->
40        <intent>
40-->[:expo-file-system] AndroidManifest.xml:15:9-17:18
41            <action android:name="android.intent.action.OPEN_DOCUMENT_TREE" />
41-->[:expo-file-system] AndroidManifest.xml:16:13-79
41-->[:expo-file-system] AndroidManifest.xml:16:21-76
42        </intent>
43        <intent>
43-->[host.exp.exponent:expo.modules.webbrowser:14.2.0] AndroidManifest.xml:8:9-12:18
44
45            <!-- Required for opening tabs if targeting API 30 -->
46            <action android:name="android.support.customtabs.action.CustomTabsService" />
46-->[host.exp.exponent:expo.modules.webbrowser:14.2.0] AndroidManifest.xml:11:13-90
46-->[host.exp.exponent:expo.modules.webbrowser:14.2.0] AndroidManifest.xml:11:21-87
47        </intent>
48    </queries>
49
50    <uses-permission android:name="android.permission.ACCESS_NETWORK_STATE" />
50-->[:expo-updates] AndroidManifest.xml:7:5-79
50-->[:expo-updates] AndroidManifest.xml:7:22-76
51    <uses-permission android:name="android.permission.READ_MEDIA_IMAGES" />
51-->[host.exp.exponent:expo.modules.medialibrary:17.1.7] AndroidManifest.xml:7:5-76
51-->[host.exp.exponent:expo.modules.medialibrary:17.1.7] AndroidManifest.xml:7:22-73
52    <uses-permission android:name="android.permission.READ_MEDIA_VIDEO" />
52-->[host.exp.exponent:expo.modules.medialibrary:17.1.7] AndroidManifest.xml:8:5-75
52-->[host.exp.exponent:expo.modules.medialibrary:17.1.7] AndroidManifest.xml:8:22-72
53    <uses-permission android:name="android.permission.READ_MEDIA_AUDIO" />
53-->[host.exp.exponent:expo.modules.medialibrary:17.1.7] AndroidManifest.xml:9:5-75
53-->[host.exp.exponent:expo.modules.medialibrary:17.1.7] AndroidManifest.xml:9:22-72
54    <uses-permission android:name="android.permission.READ_MEDIA_VISUAL_USER_SELECTED" />
54-->[host.exp.exponent:expo.modules.medialibrary:17.1.7] AndroidManifest.xml:10:5-90
54-->[host.exp.exponent:expo.modules.medialibrary:17.1.7] AndroidManifest.xml:10:22-87
55    <uses-permission android:name="android.permission.RECEIVE_BOOT_COMPLETED" />
55-->[host.exp.exponent:expo.modules.notifications:0.31.3] AndroidManifest.xml:7:5-81
55-->[host.exp.exponent:expo.modules.notifications:0.31.3] AndroidManifest.xml:7:22-78
56    <uses-permission android:name="android.permission.POST_NOTIFICATIONS" /> <!-- Required by older versions of Google Play services to create IID tokens -->
56-->[host.exp.exponent:expo.modules.notifications:0.31.3] AndroidManifest.xml:8:5-77
56-->[host.exp.exponent:expo.modules.notifications:0.31.3] AndroidManifest.xml:8:22-74
57    <uses-permission android:name="com.google.android.c2dm.permission.RECEIVE" />
57-->[com.google.firebase:firebase-messaging:24.1.1] AndroidManifest.xml:26:5-82
57-->[com.google.firebase:firebase-messaging:24.1.1] AndroidManifest.xml:26:22-79
58
59    <permission
59-->[androidx.core:core:1.13.1] AndroidManifest.xml:22:5-24:47
60        android:name="com.alphaman99.bcrfm.DYNAMIC_RECEIVER_NOT_EXPORTED_PERMISSION"
60-->[androidx.core:core:1.13.1] AndroidManifest.xml:23:9-81
61        android:protectionLevel="signature" />
61-->[androidx.core:core:1.13.1] AndroidManifest.xml:24:9-44
62
63    <uses-permission android:name="com.alphaman99.bcrfm.DYNAMIC_RECEIVER_NOT_EXPORTED_PERMISSION" />
63-->[androidx.core:core:1.13.1] AndroidManifest.xml:26:5-97
63-->[androidx.core:core:1.13.1] AndroidManifest.xml:26:22-94
64    <uses-permission android:name="com.google.android.finsky.permission.BIND_GET_INSTALL_REFERRER_SERVICE" /> <!-- for android -->
64-->[com.android.installreferrer:installreferrer:2.2] AndroidManifest.xml:9:5-110
64-->[com.android.installreferrer:installreferrer:2.2] AndroidManifest.xml:9:22-107
65    <!-- <uses-permission android:name="com.android.launcher.permission.READ_SETTINGS"/> -->
66    <!-- <uses-permission android:name="com.android.launcher.permission.WRITE_SETTINGS"/> -->
67    <!-- <uses-permission android:name="com.android.launcher.permission.INSTALL_SHORTCUT" /> -->
68    <!-- <uses-permission android:name="com.android.launcher.permission.UNINSTALL_SHORTCUT" /> -->
69    <!-- for Samsung -->
70    <uses-permission android:name="com.sec.android.provider.badge.permission.READ" />
70-->[me.leolin:ShortcutBadger:1.1.22] AndroidManifest.xml:19:5-86
70-->[me.leolin:ShortcutBadger:1.1.22] AndroidManifest.xml:19:22-83
71    <uses-permission android:name="com.sec.android.provider.badge.permission.WRITE" /> <!-- for htc -->
71-->[me.leolin:ShortcutBadger:1.1.22] AndroidManifest.xml:20:5-87
71-->[me.leolin:ShortcutBadger:1.1.22] AndroidManifest.xml:20:22-84
72    <uses-permission android:name="com.htc.launcher.permission.READ_SETTINGS" />
72-->[me.leolin:ShortcutBadger:1.1.22] AndroidManifest.xml:23:5-81
72-->[me.leolin:ShortcutBadger:1.1.22] AndroidManifest.xml:23:22-78
73    <uses-permission android:name="com.htc.launcher.permission.UPDATE_SHORTCUT" /> <!-- for sony -->
73-->[me.leolin:ShortcutBadger:1.1.22] AndroidManifest.xml:24:5-83
73-->[me.leolin:ShortcutBadger:1.1.22] AndroidManifest.xml:24:22-80
74    <uses-permission android:name="com.sonyericsson.home.permission.BROADCAST_BADGE" />
74-->[me.leolin:ShortcutBadger:1.1.22] AndroidManifest.xml:27:5-88
74-->[me.leolin:ShortcutBadger:1.1.22] AndroidManifest.xml:27:22-85
75    <uses-permission android:name="com.sonymobile.home.permission.PROVIDER_INSERT_BADGE" /> <!-- for apex -->
75-->[me.leolin:ShortcutBadger:1.1.22] AndroidManifest.xml:28:5-92
75-->[me.leolin:ShortcutBadger:1.1.22] AndroidManifest.xml:28:22-89
76    <uses-permission android:name="com.anddoes.launcher.permission.UPDATE_COUNT" /> <!-- for solid -->
76-->[me.leolin:ShortcutBadger:1.1.22] AndroidManifest.xml:31:5-84
76-->[me.leolin:ShortcutBadger:1.1.22] AndroidManifest.xml:31:22-81
77    <uses-permission android:name="com.majeur.launcher.permission.UPDATE_BADGE" /> <!-- for huawei -->
77-->[me.leolin:ShortcutBadger:1.1.22] AndroidManifest.xml:34:5-83
77-->[me.leolin:ShortcutBadger:1.1.22] AndroidManifest.xml:34:22-80
78    <uses-permission android:name="com.huawei.android.launcher.permission.CHANGE_BADGE" />
78-->[me.leolin:ShortcutBadger:1.1.22] AndroidManifest.xml:37:5-91
78-->[me.leolin:ShortcutBadger:1.1.22] AndroidManifest.xml:37:22-88
79    <uses-permission android:name="com.huawei.android.launcher.permission.READ_SETTINGS" />
79-->[me.leolin:ShortcutBadger:1.1.22] AndroidManifest.xml:38:5-92
79-->[me.leolin:ShortcutBadger:1.1.22] AndroidManifest.xml:38:22-89
80    <uses-permission android:name="com.huawei.android.launcher.permission.WRITE_SETTINGS" /> <!-- for ZUK -->
80-->[me.leolin:ShortcutBadger:1.1.22] AndroidManifest.xml:39:5-93
80-->[me.leolin:ShortcutBadger:1.1.22] AndroidManifest.xml:39:22-90
81    <uses-permission android:name="android.permission.READ_APP_BADGE" /> <!-- for OPPO -->
81-->[me.leolin:ShortcutBadger:1.1.22] AndroidManifest.xml:42:5-73
81-->[me.leolin:ShortcutBadger:1.1.22] AndroidManifest.xml:42:22-70
82    <uses-permission android:name="com.oppo.launcher.permission.READ_SETTINGS" />
82-->[me.leolin:ShortcutBadger:1.1.22] AndroidManifest.xml:45:5-82
82-->[me.leolin:ShortcutBadger:1.1.22] AndroidManifest.xml:45:22-79
83    <uses-permission android:name="com.oppo.launcher.permission.WRITE_SETTINGS" /> <!-- for EvMe -->
83-->[me.leolin:ShortcutBadger:1.1.22] AndroidManifest.xml:46:5-83
83-->[me.leolin:ShortcutBadger:1.1.22] AndroidManifest.xml:46:22-80
84    <uses-permission android:name="me.everything.badger.permission.BADGE_COUNT_READ" />
84-->[me.leolin:ShortcutBadger:1.1.22] AndroidManifest.xml:49:5-88
84-->[me.leolin:ShortcutBadger:1.1.22] AndroidManifest.xml:49:22-85
85    <uses-permission android:name="me.everything.badger.permission.BADGE_COUNT_WRITE" />
85-->[me.leolin:ShortcutBadger:1.1.22] AndroidManifest.xml:50:5-89
85-->[me.leolin:ShortcutBadger:1.1.22] AndroidManifest.xml:50:22-86
86
87    <application
87-->src\main\AndroidManifest.xml:25:3-51:17
88        android:name="com.alphaman99.bcrfm.MainApplication"
88-->src\main\AndroidManifest.xml:25:16-47
89        android:allowBackup="true"
89-->src\main\AndroidManifest.xml:25:162-188
90        android:appComponentFactory="androidx.core.app.CoreComponentFactory"
90-->[androidx.core:core:1.13.1] AndroidManifest.xml:28:18-86
91        android:extractNativeLibs="false"
92        android:icon="@mipmap/ic_launcher"
92-->src\main\AndroidManifest.xml:25:81-115
93        android:label="@string/app_name"
93-->src\main\AndroidManifest.xml:25:48-80
94        android:requestLegacyExternalStorage="true"
94-->src\main\AndroidManifest.xml:25:248-291
95        android:roundIcon="@mipmap/ic_launcher_round"
95-->src\main\AndroidManifest.xml:25:116-161
96        android:supportsRtl="true"
96-->src\main\AndroidManifest.xml:25:221-247
97        android:theme="@style/AppTheme" >
97-->src\main\AndroidManifest.xml:25:189-220
98        <meta-data
98-->src\main\AndroidManifest.xml:26:5-82
99            android:name="expo.modules.updates.ENABLED"
99-->src\main\AndroidManifest.xml:26:16-59
100            android:value="true" />
100-->src\main\AndroidManifest.xml:26:60-80
101        <meta-data
101-->src\main\AndroidManifest.xml:27:5-119
102            android:name="expo.modules.updates.EXPO_RUNTIME_VERSION"
102-->src\main\AndroidManifest.xml:27:16-72
103            android:value="@string/expo_runtime_version" />
103-->src\main\AndroidManifest.xml:27:73-117
104        <meta-data
104-->src\main\AndroidManifest.xml:28:5-105
105            android:name="expo.modules.updates.EXPO_UPDATES_CHECK_ON_LAUNCH"
105-->src\main\AndroidManifest.xml:28:16-80
106            android:value="ALWAYS" />
106-->src\main\AndroidManifest.xml:28:81-103
107        <meta-data
107-->src\main\AndroidManifest.xml:29:5-99
108            android:name="expo.modules.updates.EXPO_UPDATES_LAUNCH_WAIT_MS"
108-->src\main\AndroidManifest.xml:29:16-79
109            android:value="0" />
109-->src\main\AndroidManifest.xml:29:80-97
110        <meta-data
110-->src\main\AndroidManifest.xml:30:5-141
111            android:name="expo.modules.updates.EXPO_UPDATE_URL"
111-->src\main\AndroidManifest.xml:30:16-67
112            android:value="https://u.expo.dev/061b660e-0bed-457f-89e6-d0e5abfefd52" />
112-->src\main\AndroidManifest.xml:30:68-139
113
114        <activity
114-->src\main\AndroidManifest.xml:31:5-50:16
115            android:name="com.alphaman99.bcrfm.MainActivity"
115-->src\main\AndroidManifest.xml:31:15-43
116            android:configChanges="keyboard|keyboardHidden|orientation|screenSize|screenLayout|uiMode"
116-->src\main\AndroidManifest.xml:31:44-134
117            android:exported="true"
117-->src\main\AndroidManifest.xml:31:256-279
118            android:launchMode="singleTask"
118-->src\main\AndroidManifest.xml:31:135-166
119            android:screenOrientation="portrait"
119-->src\main\AndroidManifest.xml:31:280-316
120            android:theme="@style/Theme.App.SplashScreen"
120-->src\main\AndroidManifest.xml:31:210-255
121            android:windowSoftInputMode="adjustResize" >
121-->src\main\AndroidManifest.xml:31:167-209
122            <intent-filter>
122-->src\main\AndroidManifest.xml:32:7-35:23
123                <action android:name="android.intent.action.MAIN" />
123-->src\main\AndroidManifest.xml:33:9-60
123-->src\main\AndroidManifest.xml:33:17-58
124
125                <category android:name="android.intent.category.LAUNCHER" />
125-->src\main\AndroidManifest.xml:34:9-68
125-->src\main\AndroidManifest.xml:34:19-66
126            </intent-filter>
127            <intent-filter>
127-->src\main\AndroidManifest.xml:36:7-42:23
128                <action android:name="android.intent.action.VIEW" />
128-->src\main\AndroidManifest.xml:15:7-58
128-->src\main\AndroidManifest.xml:15:15-56
129
130                <category android:name="android.intent.category.DEFAULT" />
130-->src\main\AndroidManifest.xml:38:9-67
130-->src\main\AndroidManifest.xml:38:19-65
131                <category android:name="android.intent.category.BROWSABLE" />
131-->src\main\AndroidManifest.xml:16:7-67
131-->src\main\AndroidManifest.xml:16:17-65
132
133                <data android:scheme="mytabapp" />
133-->src\main\AndroidManifest.xml:17:7-40
133-->src\main\AndroidManifest.xml:17:13-38
134                <data android:scheme="exp+bcr-fm" />
134-->src\main\AndroidManifest.xml:17:7-40
134-->src\main\AndroidManifest.xml:17:13-38
135            </intent-filter>
136            <intent-filter data-generated="true" >
136-->src\main\AndroidManifest.xml:43:7-49:23
136-->src\main\AndroidManifest.xml:43:22-43
137                <action android:name="android.intent.action.VIEW" />
137-->src\main\AndroidManifest.xml:15:7-58
137-->src\main\AndroidManifest.xml:15:15-56
138
139                <category android:name="android.intent.category.BROWSABLE" />
139-->src\main\AndroidManifest.xml:16:7-67
139-->src\main\AndroidManifest.xml:16:17-65
140                <category android:name="android.intent.category.DEFAULT" />
140-->src\main\AndroidManifest.xml:38:9-67
140-->src\main\AndroidManifest.xml:38:19-65
141
142                <data
142-->src\main\AndroidManifest.xml:17:7-40
143                    android:host="wa.me"
143-->src\main\AndroidManifest.xml:47:38-58
144                    android:scheme="https" />
144-->src\main\AndroidManifest.xml:17:13-38
145                <data
145-->src\main\AndroidManifest.xml:17:7-40
146                    android:host="api.whatsapp.com"
146-->src\main\AndroidManifest.xml:47:38-58
147                    android:scheme="https" />
147-->src\main\AndroidManifest.xml:17:13-38
148            </intent-filter>
149        </activity>
150
151        <provider
151-->[:react-native-webview] AndroidManifest.xml:8:9-16:20
152            android:name="com.reactnativecommunity.webview.RNCWebViewFileProvider"
152-->[:react-native-webview] AndroidManifest.xml:9:13-83
153            android:authorities="com.alphaman99.bcrfm.fileprovider"
153-->[:react-native-webview] AndroidManifest.xml:10:13-64
154            android:exported="false"
154-->[:react-native-webview] AndroidManifest.xml:11:13-37
155            android:grantUriPermissions="true" >
155-->[:react-native-webview] AndroidManifest.xml:12:13-47
156            <meta-data
156-->[:react-native-webview] AndroidManifest.xml:13:13-15:63
157                android:name="android.support.FILE_PROVIDER_PATHS"
157-->[:react-native-webview] AndroidManifest.xml:14:17-67
158                android:resource="@xml/file_provider_paths" />
158-->[:react-native-webview] AndroidManifest.xml:15:17-60
159        </provider>
160
161        <meta-data
161-->[:react-native-firebase_app] AndroidManifest.xml:9:9-11:36
162            android:name="app_data_collection_default_enabled"
162-->[:react-native-firebase_app] AndroidManifest.xml:10:13-63
163            android:value="true" />
163-->[:react-native-firebase_app] AndroidManifest.xml:11:13-33
164
165        <service
165-->[:react-native-firebase_app] AndroidManifest.xml:13:9-21:19
166            android:name="com.google.firebase.components.ComponentDiscoveryService"
166-->[:react-native-firebase_app] AndroidManifest.xml:14:13-84
167            android:directBootAware="true"
167-->[:react-native-firebase_app] AndroidManifest.xml:15:13-43
168            android:exported="false" >
168-->[:react-native-firebase_app] AndroidManifest.xml:16:13-37
169            <meta-data
169-->[:react-native-firebase_app] AndroidManifest.xml:18:13-20:85
170                android:name="com.google.firebase.components:io.invertase.firebase.app.ReactNativeFirebaseAppRegistrar"
170-->[:react-native-firebase_app] AndroidManifest.xml:19:17-120
171                android:value="com.google.firebase.components.ComponentRegistrar" />
171-->[:react-native-firebase_app] AndroidManifest.xml:20:17-82
172            <meta-data
172-->[com.google.firebase:firebase-messaging:24.1.1] AndroidManifest.xml:57:13-59:85
173                android:name="com.google.firebase.components:com.google.firebase.messaging.FirebaseMessagingKtxRegistrar"
173-->[com.google.firebase:firebase-messaging:24.1.1] AndroidManifest.xml:58:17-122
174                android:value="com.google.firebase.components.ComponentRegistrar" />
174-->[com.google.firebase:firebase-messaging:24.1.1] AndroidManifest.xml:59:17-82
175            <meta-data
175-->[com.google.firebase:firebase-messaging:24.1.1] AndroidManifest.xml:60:13-62:85
176                android:name="com.google.firebase.components:com.google.firebase.messaging.FirebaseMessagingRegistrar"
176-->[com.google.firebase:firebase-messaging:24.1.1] AndroidManifest.xml:61:17-119
177                android:value="com.google.firebase.components.ComponentRegistrar" />
177-->[com.google.firebase:firebase-messaging:24.1.1] AndroidManifest.xml:62:17-82
178            <meta-data
178-->[com.google.firebase:firebase-installations:18.0.0] AndroidManifest.xml:15:13-17:85
179                android:name="com.google.firebase.components:com.google.firebase.installations.FirebaseInstallationsKtxRegistrar"
179-->[com.google.firebase:firebase-installations:18.0.0] AndroidManifest.xml:16:17-130
180                android:value="com.google.firebase.components.ComponentRegistrar" />
180-->[com.google.firebase:firebase-installations:18.0.0] AndroidManifest.xml:17:17-82
181            <meta-data
181-->[com.google.firebase:firebase-installations:18.0.0] AndroidManifest.xml:18:13-20:85
182                android:name="com.google.firebase.components:com.google.firebase.installations.FirebaseInstallationsRegistrar"
182-->[com.google.firebase:firebase-installations:18.0.0] AndroidManifest.xml:19:17-127
183                android:value="com.google.firebase.components.ComponentRegistrar" />
183-->[com.google.firebase:firebase-installations:18.0.0] AndroidManifest.xml:20:17-82
184            <meta-data
184-->[com.google.firebase:firebase-common-ktx:21.0.0] AndroidManifest.xml:12:13-14:85
185                android:name="com.google.firebase.components:com.google.firebase.ktx.FirebaseCommonLegacyRegistrar"
185-->[com.google.firebase:firebase-common-ktx:21.0.0] AndroidManifest.xml:13:17-116
186                android:value="com.google.firebase.components.ComponentRegistrar" />
186-->[com.google.firebase:firebase-common-ktx:21.0.0] AndroidManifest.xml:14:17-82
187            <meta-data
187-->[com.google.firebase:firebase-common:21.0.0] AndroidManifest.xml:35:13-37:85
188                android:name="com.google.firebase.components:com.google.firebase.FirebaseCommonKtxRegistrar"
188-->[com.google.firebase:firebase-common:21.0.0] AndroidManifest.xml:36:17-109
189                android:value="com.google.firebase.components.ComponentRegistrar" />
189-->[com.google.firebase:firebase-common:21.0.0] AndroidManifest.xml:37:17-82
190            <meta-data
190-->[com.google.firebase:firebase-datatransport:18.2.0] AndroidManifest.xml:25:13-27:85
191                android:name="com.google.firebase.components:com.google.firebase.datatransport.TransportRegistrar"
191-->[com.google.firebase:firebase-datatransport:18.2.0] AndroidManifest.xml:26:17-115
192                android:value="com.google.firebase.components.ComponentRegistrar" />
192-->[com.google.firebase:firebase-datatransport:18.2.0] AndroidManifest.xml:27:17-82
193        </service>
194
195        <provider
195-->[:react-native-firebase_app] AndroidManifest.xml:23:9-27:38
196            android:name="io.invertase.firebase.app.ReactNativeFirebaseAppInitProvider"
196-->[:react-native-firebase_app] AndroidManifest.xml:24:13-88
197            android:authorities="com.alphaman99.bcrfm.reactnativefirebaseappinitprovider"
197-->[:react-native-firebase_app] AndroidManifest.xml:25:13-86
198            android:exported="false"
198-->[:react-native-firebase_app] AndroidManifest.xml:26:13-37
199            android:initOrder="99" />
199-->[:react-native-firebase_app] AndroidManifest.xml:27:13-35
200
201        <meta-data
201-->[:expo-modules-core] AndroidManifest.xml:9:9-11:89
202            android:name="org.unimodules.core.AppLoader#react-native-headless"
202-->[:expo-modules-core] AndroidManifest.xml:10:13-79
203            android:value="expo.modules.adapters.react.apploader.RNHeadlessAppLoader" />
203-->[:expo-modules-core] AndroidManifest.xml:11:13-86
204        <meta-data
204-->[:expo-modules-core] AndroidManifest.xml:12:9-15:45
205            android:name="com.facebook.soloader.enabled"
205-->[:expo-modules-core] AndroidManifest.xml:13:13-57
206            android:value="true" />
206-->[:expo-modules-core] AndroidManifest.xml:14:13-33
207
208        <provider
208-->[:expo-file-system] AndroidManifest.xml:21:9-30:20
209            android:name="expo.modules.filesystem.FileSystemFileProvider"
209-->[:expo-file-system] AndroidManifest.xml:22:13-74
210            android:authorities="com.alphaman99.bcrfm.FileSystemFileProvider"
210-->[:expo-file-system] AndroidManifest.xml:23:13-74
211            android:exported="false"
211-->[:expo-file-system] AndroidManifest.xml:24:13-37
212            android:grantUriPermissions="true" >
212-->[:expo-file-system] AndroidManifest.xml:25:13-47
213            <meta-data
213-->[:react-native-webview] AndroidManifest.xml:13:13-15:63
214                android:name="android.support.FILE_PROVIDER_PATHS"
214-->[:react-native-webview] AndroidManifest.xml:14:17-67
215                android:resource="@xml/file_system_provider_paths" />
215-->[:react-native-webview] AndroidManifest.xml:15:17-60
216        </provider>
217
218        <service
218-->[host.exp.exponent:expo.modules.notifications:0.31.3] AndroidManifest.xml:11:9-17:19
219            android:name="expo.modules.notifications.service.ExpoFirebaseMessagingService"
219-->[host.exp.exponent:expo.modules.notifications:0.31.3] AndroidManifest.xml:12:13-91
220            android:exported="false" >
220-->[host.exp.exponent:expo.modules.notifications:0.31.3] AndroidManifest.xml:13:13-37
221            <intent-filter android:priority="-1" >
221-->[host.exp.exponent:expo.modules.notifications:0.31.3] AndroidManifest.xml:14:13-16:29
221-->[host.exp.exponent:expo.modules.notifications:0.31.3] AndroidManifest.xml:14:28-49
222                <action android:name="com.google.firebase.MESSAGING_EVENT" />
222-->[host.exp.exponent:expo.modules.notifications:0.31.3] AndroidManifest.xml:15:17-78
222-->[host.exp.exponent:expo.modules.notifications:0.31.3] AndroidManifest.xml:15:25-75
223            </intent-filter>
224        </service>
225
226        <receiver
226-->[host.exp.exponent:expo.modules.notifications:0.31.3] AndroidManifest.xml:19:9-31:20
227            android:name="expo.modules.notifications.service.NotificationsService"
227-->[host.exp.exponent:expo.modules.notifications:0.31.3] AndroidManifest.xml:20:13-83
228            android:enabled="true"
228-->[host.exp.exponent:expo.modules.notifications:0.31.3] AndroidManifest.xml:21:13-35
229            android:exported="false" >
229-->[host.exp.exponent:expo.modules.notifications:0.31.3] AndroidManifest.xml:22:13-37
230            <intent-filter android:priority="-1" >
230-->[host.exp.exponent:expo.modules.notifications:0.31.3] AndroidManifest.xml:23:13-30:29
230-->[host.exp.exponent:expo.modules.notifications:0.31.3] AndroidManifest.xml:23:28-49
231                <action android:name="expo.modules.notifications.NOTIFICATION_EVENT" />
231-->[host.exp.exponent:expo.modules.notifications:0.31.3] AndroidManifest.xml:24:17-88
231-->[host.exp.exponent:expo.modules.notifications:0.31.3] AndroidManifest.xml:24:25-85
232                <action android:name="android.intent.action.BOOT_COMPLETED" />
232-->[host.exp.exponent:expo.modules.notifications:0.31.3] AndroidManifest.xml:25:17-79
232-->[host.exp.exponent:expo.modules.notifications:0.31.3] AndroidManifest.xml:25:25-76
233                <action android:name="android.intent.action.REBOOT" />
233-->[host.exp.exponent:expo.modules.notifications:0.31.3] AndroidManifest.xml:26:17-71
233-->[host.exp.exponent:expo.modules.notifications:0.31.3] AndroidManifest.xml:26:25-68
234                <action android:name="android.intent.action.QUICKBOOT_POWERON" />
234-->[host.exp.exponent:expo.modules.notifications:0.31.3] AndroidManifest.xml:27:17-82
234-->[host.exp.exponent:expo.modules.notifications:0.31.3] AndroidManifest.xml:27:25-79
235                <action android:name="com.htc.intent.action.QUICKBOOT_POWERON" />
235-->[host.exp.exponent:expo.modules.notifications:0.31.3] AndroidManifest.xml:28:17-82
235-->[host.exp.exponent:expo.modules.notifications:0.31.3] AndroidManifest.xml:28:25-79
236                <action android:name="android.intent.action.MY_PACKAGE_REPLACED" />
236-->[host.exp.exponent:expo.modules.notifications:0.31.3] AndroidManifest.xml:29:17-84
236-->[host.exp.exponent:expo.modules.notifications:0.31.3] AndroidManifest.xml:29:25-81
237            </intent-filter>
238        </receiver>
239
240        <activity
240-->[host.exp.exponent:expo.modules.notifications:0.31.3] AndroidManifest.xml:33:9-40:75
241            android:name="expo.modules.notifications.service.NotificationForwarderActivity"
241-->[host.exp.exponent:expo.modules.notifications:0.31.3] AndroidManifest.xml:34:13-92
242            android:excludeFromRecents="true"
242-->[host.exp.exponent:expo.modules.notifications:0.31.3] AndroidManifest.xml:35:13-46
243            android:exported="false"
243-->[host.exp.exponent:expo.modules.notifications:0.31.3] AndroidManifest.xml:36:13-37
244            android:launchMode="standard"
244-->[host.exp.exponent:expo.modules.notifications:0.31.3] AndroidManifest.xml:37:13-42
245            android:noHistory="true"
245-->[host.exp.exponent:expo.modules.notifications:0.31.3] AndroidManifest.xml:38:13-37
246            android:taskAffinity=""
246-->[host.exp.exponent:expo.modules.notifications:0.31.3] AndroidManifest.xml:39:13-36
247            android:theme="@android:style/Theme.Translucent.NoTitleBar" />
247-->[host.exp.exponent:expo.modules.notifications:0.31.3] AndroidManifest.xml:40:13-72
248
249        <receiver
249-->[host.exp.exponent:expo.modules.taskmanager:13.1.5] AndroidManifest.xml:8:9-16:20
250            android:name="expo.modules.taskManager.TaskBroadcastReceiver"
250-->[host.exp.exponent:expo.modules.taskmanager:13.1.5] AndroidManifest.xml:9:13-74
251            android:exported="false" >
251-->[host.exp.exponent:expo.modules.taskmanager:13.1.5] AndroidManifest.xml:10:13-37
252            <intent-filter>
252-->[host.exp.exponent:expo.modules.taskmanager:13.1.5] AndroidManifest.xml:11:13-15:29
253                <action android:name="expo.modules.taskManager.TaskBroadcastReceiver.INTENT_ACTION" />
253-->[host.exp.exponent:expo.modules.taskmanager:13.1.5] AndroidManifest.xml:12:17-103
253-->[host.exp.exponent:expo.modules.taskmanager:13.1.5] AndroidManifest.xml:12:25-100
254                <action android:name="android.intent.action.BOOT_COMPLETED" />